<?xml version="1.0" encoding="UTF-8" ?>
<testsuite tests="7" failures="0" name="put.ai.games.tester.TesterTest" time="0.005" errors="0" skipped="0">
  <properties>
[...]
</properties>
  <testcase classname="put.ai.games.tester.TesterTest" name="test3" time="0.004"/>
  <testcase classname="put.ai.games.tester.TesterTest" name="tooOld" time="0"/>
  <testcase classname="put.ai.games.tester.TesterTest" name="dash" time="0"/>
  <testcase classname="put.ai.games.tester.TesterTest" name="test2" time="0.001"/>
  <testcase classname="put.ai.games.tester.TesterTest" name="middleName" time="0"/>
  <testcase classname="put.ai.games.tester.TesterTest" name="strange" time="0"/>
  <testcase classname="put.ai.games.tester.TesterTest" name="test1" time="0"/>
</testsuite>